<?xml version="1.0" encoding="UTF-8"?>
<coverage generated="1651941739502" clover="3.2.0">
  <project timestamp="1651941739502" name="All files">
    <metrics statements="35" coveredstatements="27" conditionals="26" coveredconditionals="19" methods="13" coveredmethods="6" elements="74" coveredelements="52" complexity="0" loc="35" ncloc="35" packages="4" files="4" classes="4"/>
    <package name="Button">
      <metrics statements="4" coveredstatements="4" conditionals="7" coveredconditionals="5" methods="2" coveredmethods="1"/>
      <file name="Button.js" path="/home/victor/Documents/Programming/paper-guava-ui/src/Button/Button.js">
        <metrics statements="4" coveredstatements="4" conditionals="7" coveredconditionals="5" methods="2" coveredmethods="1"/>
        <line num="7" count="1" type="cond" truecount="3" falsecount="0"/>
        <line num="8" count="1" type="cond" truecount="1" falsecount="1"/>
        <line num="10" count="1" type="stmt"/>
        <line num="25" count="1" type="stmt"/>
      </file>
    </package>
    <package name="ImageLink">
      <metrics statements="3" coveredstatements="3" conditionals="1" coveredconditionals="1" methods="1" coveredmethods="1"/>
      <file name="ImageLink.js" path="/home/victor/Documents/Programming/paper-guava-ui/src/ImageLink/ImageLink.js">
        <metrics statements="3" coveredstatements="3" conditionals="1" coveredconditionals="1" methods="1" coveredmethods="1"/>
        <line num="6" count="1" type="cond" truecount="1" falsecount="0"/>
        <line num="7" count="1" type="stmt"/>
        <line num="23" count="1" type="stmt"/>
      </file>
    </package>
    <package name="Pagination">
      <metrics statements="25" coveredstatements="17" conditionals="18" coveredconditionals="13" methods="9" coveredmethods="3"/>
      <file name="Pagination.js" path="/home/victor/Documents/Programming/paper-guava-ui/src/Pagination/Pagination.js">
        <metrics statements="25" coveredstatements="17" conditionals="18" coveredconditionals="13" methods="9" coveredmethods="3"/>
        <line num="6" count="1" type="stmt"/>
        <line num="7" count="1" type="stmt"/>
        <line num="8" count="1" type="stmt"/>
        <line num="9" count="1" type="stmt"/>
        <line num="11" count="1" type="cond" truecount="1" falsecount="1"/>
        <line num="12" count="1" type="cond" truecount="1" falsecount="1"/>
        <line num="15" count="1" type="stmt"/>
        <line num="16" count="3" type="stmt"/>
        <line num="18" count="1" type="stmt"/>
        <line num="19" count="0" type="stmt"/>
        <line num="22" count="1" type="stmt"/>
        <line num="25" count="1" type="cond" truecount="2" falsecount="0"/>
        <line num="26" count="1" type="stmt"/>
        <line num="27" count="1" type="cond" truecount="1" falsecount="1"/>
        <line num="29" count="1" type="stmt"/>
        <line num="30" count="0" type="stmt"/>
        <line num="31" count="0" type="stmt"/>
        <line num="33" count="1" type="stmt"/>
        <line num="39" count="0" type="stmt"/>
        <line num="42" count="0" type="stmt"/>
        <line num="47" count="3" type="stmt"/>
        <line num="51" count="0" type="stmt"/>
        <line num="59" count="0" type="stmt"/>
        <line num="62" count="0" type="stmt"/>
        <line num="71" count="1" type="stmt"/>
      </file>
    </package>
    <package name="StorybookDocsFooter">
      <metrics statements="3" coveredstatements="3" conditionals="0" coveredconditionals="0" methods="1" coveredmethods="1"/>
      <file name="StorybookDocsFooter.js" path="/home/victor/Documents/Programming/paper-guava-ui/src/StorybookDocsFooter/StorybookDocsFooter.js">
        <metrics statements="3" coveredstatements="3" conditionals="0" coveredconditionals="0" methods="1" coveredmethods="1"/>
        <line num="5" count="1" type="stmt"/>
        <line num="6" count="1" type="stmt"/>
        <line num="56" count="1" type="stmt"/>
      </file>
    </package>
  </project>
</coverage>
