<?xml version="1.0" encoding="UTF-8"?>
<coverage generated="1633202234400" clover="3.2.0">
  <project timestamp="1633202234400" name="All files">
    <metrics statements="4" coveredstatements="4" conditionals="2" coveredconditionals="2" methods="1" coveredmethods="1" elements="7" coveredelements="7" complexity="0" loc="4" ncloc="4" packages="1" files="2" classes="2"/>
    <file name="Button.js" path="/Users/vplocked/Documents/Programming.nosync/paper-guava-ui/src/Button/Button.js">
      <metrics statements="3" coveredstatements="3" conditionals="2" coveredconditionals="2" methods="1" coveredmethods="1"/>
      <line num="8" count="1" type="cond" truecount="2" falsecount="0"/>
      <line num="9" count="1" type="stmt"/>
      <line num="21" count="1" type="stmt"/>
    </file>
    <file name="styles.js" path="/Users/vplocked/Documents/Programming.nosync/paper-guava-ui/src/Button/styles.js">
      <metrics statements="1" coveredstatements="1" conditionals="0" coveredconditionals="0" methods="0" coveredmethods="0"/>
      <line num="3" count="1" type="stmt"/>
    </file>
  </project>
</coverage>
