{"/Users/vplocked/Documents/Programming.nosync/paper-guava-ui/src/Button/Button.js": {"path":"/Users/vplocked/Documents/Programming.nosync/paper-guava-ui/src/Button/Button.js","statementMap":{"0":{"start":{"line":8,"column":22},"end":{"line":19,"column":1}},"1":{"start":{"line":9,"column":2},"end":{"line":18,"column":4}},"2":{"start":{"line":21,"column":0},"end":{"line":32,"column":2}}},"fnMap":{"0":{"name":"(anonymous_0)","decl":{"start":{"line":8,"column":22},"end":{"line":8,"column":23}},"loc":{"start":{"line":8,"column":90},"end":{"line":19,"column":1}},"line":8}},"branchMap":{"0":{"loc":{"start":{"line":8,"column":26},"end":{"line":8,"column":49}},"type":"default-arg","locations":[{"start":{"line":8,"column":38},"end":{"line":8,"column":49}}],"line":8},"1":{"loc":{"start":{"line":8,"column":51},"end":{"line":8,"column":66}},"type":"default-arg","locations":[{"start":{"line":8,"column":58},"end":{"line":8,"column":66}}],"line":8}},"s":{"0":1,"1":1,"2":1},"f":{"0":1},"b":{"0":[1],"1":[1]},"_coverageSchema":"1a1c01bbd47fc00a2c39e90264f33305004495a9","hash":"3cf633bf21a5900c7f165f6e6f642df614c39138"}
,"/Users/vplocked/Documents/Programming.nosync/paper-guava-ui/src/Button/styles.js": {"path":"/Users/vplocked/Documents/Programming.nosync/paper-guava-ui/src/Button/styles.js","statementMap":{"0":{"start":{"line":3,"column":28},"end":{"line":6,"column":1}}},"fnMap":{},"branchMap":{},"s":{"0":1},"f":{},"b":{},"_coverageSchema":"1a1c01bbd47fc00a2c39e90264f33305004495a9","hash":"122371d65cd0874143a32a443fa71c8ffea2d0e7"}
}
