{"/home/victor/Documents/Programming/paper-guava-ui/src/Button/Button.js": {"path":"/home/victor/Documents/Programming/paper-guava-ui/src/Button/Button.js","statementMap":{"0":{"start":{"line":7,"column":22},"end":{"line":23,"column":2}},"1":{"start":{"line":8,"column":24},"end":{"line":8,"column":45}},"2":{"start":{"line":10,"column":2},"end":{"line":22,"column":4}},"3":{"start":{"line":25,"column":0},"end":{"line":35,"column":2}}},"fnMap":{"0":{"name":"(anonymous_0)","decl":{"start":{"line":7,"column":33},"end":{"line":7,"column":34}},"loc":{"start":{"line":7,"column":134},"end":{"line":23,"column":1}},"line":7},"1":{"name":"(anonymous_1)","decl":{"start":{"line":7,"column":81},"end":{"line":7,"column":82}},"loc":{"start":{"line":7,"column":87},"end":{"line":7,"column":89}},"line":7}},"branchMap":{"0":{"loc":{"start":{"line":7,"column":36},"end":{"line":7,"column":56}},"type":"default-arg","locations":[{"start":{"line":7,"column":50},"end":{"line":7,"column":56}}],"line":7},"1":{"loc":{"start":{"line":7,"column":71},"end":{"line":7,"column":89}},"type":"default-arg","locations":[{"start":{"line":7,"column":81},"end":{"line":7,"column":89}}],"line":7},"2":{"loc":{"start":{"line":7,"column":91},"end":{"line":7,"column":112}},"type":"default-arg","locations":[{"start":{"line":7,"column":103},"end":{"line":7,"column":112}}],"line":7},"3":{"loc":{"start":{"line":8,"column":24},"end":{"line":8,"column":45}},"type":"cond-expr","locations":[{"start":{"line":8,"column":31},"end":{"line":8,"column":34}},{"start":{"line":8,"column":37},"end":{"line":8,"column":45}}],"line":8},"4":{"loc":{"start":{"line":16,"column":12},"end":{"line":16,"column":54}},"type":"cond-expr","locations":[{"start":{"line":16,"column":41},"end":{"line":16,"column":49}},{"start":{"line":16,"column":52},"end":{"line":16,"column":54}}],"line":16}},"s":{"0":1,"1":1,"2":1,"3":1},"f":{"0":1,"1":0},"b":{"0":[1],"1":[1],"2":[1],"3":[0,1],"4":[1,0]},"_coverageSchema":"1a1c01bbd47fc00a2c39e90264f33305004495a9","hash":"b758c9311a2b20012383940eb799ff7c52f09575"}
,"/home/victor/Documents/Programming/paper-guava-ui/src/ImageLink/ImageLink.js": {"path":"/home/victor/Documents/Programming/paper-guava-ui/src/ImageLink/ImageLink.js","statementMap":{"0":{"start":{"line":6,"column":25},"end":{"line":21,"column":2}},"1":{"start":{"line":7,"column":2},"end":{"line":20,"column":4}},"2":{"start":{"line":23,"column":0},"end":{"line":31,"column":2}}},"fnMap":{"0":{"name":"(anonymous_0)","decl":{"start":{"line":6,"column":36},"end":{"line":6,"column":37}},"loc":{"start":{"line":6,"column":97},"end":{"line":21,"column":1}},"line":6}},"branchMap":{"0":{"loc":{"start":{"line":6,"column":39},"end":{"line":6,"column":57}},"type":"default-arg","locations":[{"start":{"line":6,"column":52},"end":{"line":6,"column":57}}],"line":6}},"s":{"0":1,"1":1,"2":1},"f":{"0":1},"b":{"0":[1]},"_coverageSchema":"1a1c01bbd47fc00a2c39e90264f33305004495a9","hash":"9d9ecb40c412f4514335ef597026b252b38f7f1b"}
,"/home/victor/Documents/Programming/paper-guava-ui/src/Pagination/Pagination.js": {"path":"/home/victor/Documents/Programming/paper-guava-ui/src/Pagination/Pagination.js","statementMap":{"0":{"start":{"line":6,"column":24},"end":{"line":23,"column":1}},"1":{"start":{"line":7,"column":16},"end":{"line":7,"column":18}},"2":{"start":{"line":8,"column":25},"end":{"line":8,"column":51}},"3":{"start":{"line":9,"column":27},"end":{"line":9,"column":63}},"4":{"start":{"line":11,"column":2},"end":{"line":11,"column":112}},"5":{"start":{"line":11,"column":36},"end":{"line":11,"column":112}},"6":{"start":{"line":12,"column":2},"end":{"line":12,"column":123}},"7":{"start":{"line":12,"column":43},"end":{"line":12,"column":123}},"8":{"start":{"line":15,"column":2},"end":{"line":17,"column":3}},"9":{"start":{"line":15,"column":15},"end":{"line":15,"column":33}},"10":{"start":{"line":16,"column":4},"end":{"line":16,"column":18}},"11":{"start":{"line":18,"column":2},"end":{"line":20,"column":3}},"12":{"start":{"line":18,"column":15},"end":{"line":18,"column":23}},"13":{"start":{"line":19,"column":4},"end":{"line":19,"column":18}},"14":{"start":{"line":22,"column":2},"end":{"line":22,"column":15}},"15":{"start":{"line":25,"column":26},"end":{"line":69,"column":2}},"16":{"start":{"line":26,"column":26},"end":{"line":26,"column":47}},"17":{"start":{"line":27,"column":34},"end":{"line":27,"column":62}},"18":{"start":{"line":29,"column":24},"end":{"line":32,"column":3}},"19":{"start":{"line":30,"column":4},"end":{"line":30,"column":15}},"20":{"start":{"line":31,"column":4},"end":{"line":31,"column":16}},"21":{"start":{"line":33,"column":2},"end":{"line":68,"column":4}},"22":{"start":{"line":39,"column":54},"end":{"line":39,"column":70}},"23":{"start":{"line":42,"column":54},"end":{"line":42,"column":77}},"24":{"start":{"line":47,"column":10},"end":{"line":54,"column":15}},"25":{"start":{"line":51,"column":29},"end":{"line":51,"column":54}},"26":{"start":{"line":59,"column":54},"end":{"line":59,"column":77}},"27":{"start":{"line":62,"column":54},"end":{"line":62,"column":78}},"28":{"start":{"line":71,"column":0},"end":{"line":82,"column":2}}},"fnMap":{"0":{"name":"(anonymous_0)","decl":{"start":{"line":6,"column":24},"end":{"line":6,"column":25}},"loc":{"start":{"line":6,"column":57},"end":{"line":23,"column":1}},"line":6},"1":{"name":"(anonymous_1)","decl":{"start":{"line":25,"column":37},"end":{"line":25,"column":38}},"loc":{"start":{"line":25,"column":127},"end":{"line":69,"column":1}},"line":25},"2":{"name":"(anonymous_2)","decl":{"start":{"line":29,"column":24},"end":{"line":29,"column":25}},"loc":{"start":{"line":29,"column":31},"end":{"line":32,"column":3}},"line":29},"3":{"name":"(anonymous_3)","decl":{"start":{"line":39,"column":48},"end":{"line":39,"column":49}},"loc":{"start":{"line":39,"column":54},"end":{"line":39,"column":70}},"line":39},"4":{"name":"(anonymous_4)","decl":{"start":{"line":42,"column":48},"end":{"line":42,"column":49}},"loc":{"start":{"line":42,"column":54},"end":{"line":42,"column":77}},"line":42},"5":{"name":"(anonymous_5)","decl":{"start":{"line":46,"column":58},"end":{"line":46,"column":59}},"loc":{"start":{"line":47,"column":10},"end":{"line":54,"column":15}},"line":47},"6":{"name":"(anonymous_6)","decl":{"start":{"line":51,"column":23},"end":{"line":51,"column":24}},"loc":{"start":{"line":51,"column":29},"end":{"line":51,"column":54}},"line":51},"7":{"name":"(anonymous_7)","decl":{"start":{"line":59,"column":48},"end":{"line":59,"column":49}},"loc":{"start":{"line":59,"column":54},"end":{"line":59,"column":77}},"line":59},"8":{"name":"(anonymous_8)","decl":{"start":{"line":62,"column":48},"end":{"line":62,"column":49}},"loc":{"start":{"line":62,"column":54},"end":{"line":62,"column":78}},"line":62}},"branchMap":{"0":{"loc":{"start":{"line":11,"column":2},"end":{"line":11,"column":112}},"type":"if","locations":[{"start":{"line":11,"column":2},"end":{"line":11,"column":112}},{"start":{"line":11,"column":2},"end":{"line":11,"column":112}}],"line":11},"1":{"loc":{"start":{"line":12,"column":2},"end":{"line":12,"column":123}},"type":"if","locations":[{"start":{"line":12,"column":2},"end":{"line":12,"column":123}},{"start":{"line":12,"column":2},"end":{"line":12,"column":123}}],"line":12},"2":{"loc":{"start":{"line":25,"column":40},"end":{"line":25,"column":55}},"type":"default-arg","locations":[{"start":{"line":25,"column":54},"end":{"line":25,"column":55}}],"line":25},"3":{"loc":{"start":{"line":25,"column":57},"end":{"line":25,"column":71}},"type":"default-arg","locations":[{"start":{"line":25,"column":70},"end":{"line":25,"column":71}}],"line":25},"4":{"loc":{"start":{"line":27,"column":34},"end":{"line":27,"column":62}},"type":"cond-expr","locations":[{"start":{"line":27,"column":48},"end":{"line":27,"column":51}},{"start":{"line":27,"column":54},"end":{"line":27,"column":62}}],"line":27},"5":{"loc":{"start":{"line":36,"column":9},"end":{"line":45,"column":9}},"type":"binary-expr","locations":[{"start":{"line":36,"column":9},"end":{"line":36,"column":17}},{"start":{"line":37,"column":10},"end":{"line":44,"column":13}}],"line":36},"6":{"loc":{"start":{"line":49,"column":25},"end":{"line":49,"column":67}},"type":"binary-expr","locations":[{"start":{"line":49,"column":25},"end":{"line":49,"column":44}},{"start":{"line":49,"column":48},"end":{"line":49,"column":67}}],"line":49},"7":{"loc":{"start":{"line":50,"column":20},"end":{"line":50,"column":97}},"type":"cond-expr","locations":[{"start":{"line":50,"column":53},"end":{"line":50,"column":83}},{"start":{"line":50,"column":86},"end":{"line":50,"column":97}}],"line":50},"8":{"loc":{"start":{"line":50,"column":20},"end":{"line":50,"column":50}},"type":"binary-expr","locations":[{"start":{"line":50,"column":20},"end":{"line":50,"column":35}},{"start":{"line":50,"column":39},"end":{"line":50,"column":50}}],"line":50},"9":{"loc":{"start":{"line":56,"column":9},"end":{"line":65,"column":9}},"type":"binary-expr","locations":[{"start":{"line":56,"column":9},"end":{"line":56,"column":25}},{"start":{"line":57,"column":10},"end":{"line":64,"column":13}}],"line":56}},"s":{"0":1,"1":1,"2":1,"3":1,"4":1,"5":0,"6":1,"7":0,"8":1,"9":1,"10":3,"11":1,"12":1,"13":0,"14":1,"15":1,"16":1,"17":1,"18":1,"19":0,"20":0,"21":1,"22":0,"23":0,"24":3,"25":0,"26":0,"27":0,"28":1},"f":{"0":1,"1":1,"2":0,"3":0,"4":0,"5":3,"6":0,"7":0,"8":0},"b":{"0":[0,1],"1":[0,1],"2":[1],"3":[1],"4":[0,1],"5":[1,1],"6":[3,1],"7":[0,3],"8":[3,3],"9":[1,0]},"_coverageSchema":"1a1c01bbd47fc00a2c39e90264f33305004495a9","hash":"248152dd3a9ef302b2010844f7664ba66bc4a83e"}
,"/home/victor/Documents/Programming/paper-guava-ui/src/StorybookDocsFooter/StorybookDocsFooter.js": {"path":"/home/victor/Documents/Programming/paper-guava-ui/src/StorybookDocsFooter/StorybookDocsFooter.js","statementMap":{"0":{"start":{"line":5,"column":35},"end":{"line":54,"column":2}},"1":{"start":{"line":6,"column":2},"end":{"line":53,"column":4}},"2":{"start":{"line":56,"column":0},"end":{"line":59,"column":2}}},"fnMap":{"0":{"name":"(anonymous_0)","decl":{"start":{"line":5,"column":46},"end":{"line":5,"column":47}},"loc":{"start":{"line":5,"column":69},"end":{"line":54,"column":1}},"line":5}},"branchMap":{},"s":{"0":1,"1":1,"2":1},"f":{"0":1},"b":{},"_coverageSchema":"1a1c01bbd47fc00a2c39e90264f33305004495a9","hash":"8b75e724efa002a4a9d39aa2e24e46c83993d724"}
}
