TN:
SF:src/Button/Button.js
FN:7,(anonymous_0)
FN:7,(anonymous_1)
FNF:2
FNH:1
FNDA:1,(anonymous_0)
FNDA:0,(anonymous_1)
DA:7,1
DA:8,1
DA:10,1
DA:25,1
LF:4
LH:4
BRDA:7,0,0,1
BRDA:7,1,0,1
BRDA:7,2,0,1
BRDA:8,3,0,0
BRDA:8,3,1,1
BRDA:16,4,0,1
BRDA:16,4,1,0
BRF:7
BRH:5
end_of_record
TN:
SF:src/ImageLink/ImageLink.js
FN:6,(anonymous_0)
FNF:1
FNH:1
FNDA:1,(anonymous_0)
DA:6,1
DA:7,1
DA:23,1
LF:3
LH:3
BRDA:6,0,0,1
BRF:1
BRH:1
end_of_record
TN:
SF:src/Pagination/Pagination.js
FN:6,(anonymous_0)
FN:25,(anonymous_1)
FN:29,(anonymous_2)
FN:39,(anonymous_3)
FN:42,(anonymous_4)
FN:46,(anonymous_5)
FN:51,(anonymous_6)
FN:59,(anonymous_7)
FN:62,(anonymous_8)
FNF:9
FNH:3
FNDA:1,(anonymous_0)
FNDA:1,(anonymous_1)
FNDA:0,(anonymous_2)
FNDA:0,(anonymous_3)
FNDA:0,(anonymous_4)
FNDA:3,(anonymous_5)
FNDA:0,(anonymous_6)
FNDA:0,(anonymous_7)
FNDA:0,(anonymous_8)
DA:6,1
DA:7,1
DA:8,1
DA:9,1
DA:11,1
DA:12,1
DA:15,1
DA:16,3
DA:18,1
DA:19,0
DA:22,1
DA:25,1
DA:26,1
DA:27,1
DA:29,1
DA:30,0
DA:31,0
DA:33,1
DA:39,0
DA:42,0
DA:47,3
DA:51,0
DA:59,0
DA:62,0
DA:71,1
LF:25
LH:17
BRDA:11,0,0,0
BRDA:11,0,1,1
BRDA:12,1,0,0
BRDA:12,1,1,1
BRDA:25,2,0,1
BRDA:25,3,0,1
BRDA:27,4,0,0
BRDA:27,4,1,1
BRDA:36,5,0,1
BRDA:36,5,1,1
BRDA:49,6,0,3
BRDA:49,6,1,1
BRDA:50,7,0,0
BRDA:50,7,1,3
BRDA:50,8,0,3
BRDA:50,8,1,3
BRDA:56,9,0,1
BRDA:56,9,1,0
BRF:18
BRH:13
end_of_record
TN:
SF:src/StorybookDocsFooter/StorybookDocsFooter.js
FN:5,(anonymous_0)
FNF:1
FNH:1
FNDA:1,(anonymous_0)
DA:5,1
DA:6,1
DA:56,1
LF:3
LH:3
BRF:0
BRH:0
end_of_record
